build/app/intermediates/manifest_merge_blame_file/debug/manifest-merger-blame-debug-report.txt
1<?xml version="1.0" encoding="utf-8"?>
2<manifest xmlns:android="http://schemas.android.com/apk/res/android"
3    package="com.example.my_food_app"
4    android:versionCode="1"
5    android:versionName="1.0.0" >
6
7    <uses-sdk
8        android:minSdkVersion="20"
9        android:targetSdkVersion="30" />
10    <!--
11         Flutter needs it to communicate with the running application
12         to allow setting breakpoints, to provide hot reload, etc.
13    -->
14    <uses-permission android:name="android.permission.INTERNET" />
14-->src\debug\AndroidManifest.xml:6:5-66
14-->src\debug\AndroidManifest.xml:6:22-64
15    <uses-permission android:name="android.permission.ACCESS_FINE_LOCATION" />
15-->src\main\AndroidManifest.xml:3:8-4:58
15-->src\main\AndroidManifest.xml:4:1-55
16    <uses-permission android:name="android.permission.ACCESS_COARSE_LOCATION" />
16-->src\main\AndroidManifest.xml:5:4-6:60
16-->src\main\AndroidManifest.xml:6:1-57
17    <uses-permission android:name="android.permission.ACCESS_NETWORK_STATE" />
17-->[com.google.firebase:firebase-auth:21.0.1] AndroidManifest.xml:24:5-79
17-->[com.google.firebase:firebase-auth:21.0.1] AndroidManifest.xml:24:22-76
18    <uses-permission android:name="android.permission.WAKE_LOCK" />
18-->[com.google.android.gms:play-services-measurement-api:20.0.0] AndroidManifest.xml:24:5-68
18-->[com.google.android.gms:play-services-measurement-api:20.0.0] AndroidManifest.xml:24:22-65
19
20    <uses-feature
20-->[com.google.android.gms:play-services-maps:17.0.0] AndroidManifest.xml:26:5-28:35
21        android:glEsVersion="0x00020000"
21-->[com.google.android.gms:play-services-maps:17.0.0] AndroidManifest.xml:27:9-41
22        android:required="true" />
22-->[com.google.android.gms:play-services-maps:17.0.0] AndroidManifest.xml:28:9-32
23
24    <uses-permission android:name="com.google.android.finsky.permission.BIND_GET_INSTALL_REFERRER_SERVICE" />
24-->[com.google.android.gms:play-services-measurement:20.0.0] AndroidManifest.xml:26:5-110
24-->[com.google.android.gms:play-services-measurement:20.0.0] AndroidManifest.xml:26:22-107
25
26    <application
26-->src\main\AndroidManifest.xml:7:4-46:19
27        android:name="androidx.multidex.MultiDexApplication"
28        android:appComponentFactory="androidx.core.app.CoreComponentFactory"
28-->[androidx.core:core:1.3.2] AndroidManifest.xml:24:18-86
29        android:debuggable="true"
30        android:icon="@mipmap/ic_launcher"
30-->src\main\AndroidManifest.xml:9:9-43
31        android:label="food_app" >
31-->src\main\AndroidManifest.xml:8:9-33
32        <meta-data
32-->src\main\AndroidManifest.xml:10:9-11:73
33            android:name="com.google.android.geo.API_KEY"
33-->src\main\AndroidManifest.xml:10:20-65
34            android:value="AIzaSyCm2J-sFU8t1Zjb64ti2mJmGiH84q89va0" />
34-->src\main\AndroidManifest.xml:11:16-71
35
36        <activity
36-->src\main\AndroidManifest.xml:12:9-40:20
37            android:name="com.example.my_food_app.MainActivity"
37-->src\main\AndroidManifest.xml:13:13-41
38            android:configChanges="orientation|keyboardHidden|keyboard|screenSize|smallestScreenSize|locale|layoutDirection|fontScale|screenLayout|density|uiMode"
38-->src\main\AndroidManifest.xml:16:13-163
39            android:hardwareAccelerated="true"
39-->src\main\AndroidManifest.xml:17:13-47
40            android:launchMode="singleTop"
40-->src\main\AndroidManifest.xml:14:13-43
41            android:theme="@style/LaunchTheme"
41-->src\main\AndroidManifest.xml:15:13-47
42            android:windowSoftInputMode="adjustResize" >
42-->src\main\AndroidManifest.xml:18:13-55
43
44            <!--
45                 Specifies an Android theme to apply to this Activity as soon as
46                 the Android process has started. This theme is visible to the user
47                 while the Flutter UI initializes. After that, this theme continues
48                 to determine the Window background behind the Flutter UI.
49            -->
50            <meta-data
50-->src\main\AndroidManifest.xml:23:13-26:17
51                android:name="io.flutter.embedding.android.NormalTheme"
51-->src\main\AndroidManifest.xml:24:15-70
52                android:resource="@style/NormalTheme" />
52-->src\main\AndroidManifest.xml:25:15-52
53            <!--
54                 Displays an Android View that continues showing the launch screen
55                 Drawable until Flutter paints its first frame, then this splash
56                 screen fades out. A splash screen is useful to avoid any visual
57                 gap between the end of Android's launch screen and the painting of
58                 Flutter's first frame.
59            -->
60            <meta-data
60-->src\main\AndroidManifest.xml:32:13-35:17
61                android:name="io.flutter.embedding.android.SplashScreenDrawable"
61-->src\main\AndroidManifest.xml:33:15-79
62                android:resource="@drawable/launch_background" />
62-->src\main\AndroidManifest.xml:34:15-61
63
64            <intent-filter>
64-->src\main\AndroidManifest.xml:36:13-39:29
65                <action android:name="android.intent.action.MAIN" />
65-->src\main\AndroidManifest.xml:37:17-68
65-->src\main\AndroidManifest.xml:37:25-66
66
67                <category android:name="android.intent.category.LAUNCHER" />
67-->src\main\AndroidManifest.xml:38:17-76
67-->src\main\AndroidManifest.xml:38:27-74
68            </intent-filter>
69        </activity>
70        <!--
71             Don't delete the meta-data below.
72             This is used by the Flutter tool to generate GeneratedPluginRegistrant.java
73        -->
74        <meta-data
74-->src\main\AndroidManifest.xml:43:9-45:33
75            android:name="flutterEmbedding"
75-->src\main\AndroidManifest.xml:44:13-44
76            android:value="2" />
76-->src\main\AndroidManifest.xml:45:13-30
77
78        <service
78-->[:firebase_auth] AndroidManifest.xml:8:9-12:19
79            android:name="com.google.firebase.components.ComponentDiscoveryService"
79-->[:firebase_auth] AndroidManifest.xml:8:18-89
80            android:directBootAware="true"
80-->[com.google.firebase:firebase-common:20.0.0] AndroidManifest.xml:35:13-43
81            android:exported="false" >
81-->[com.google.firebase:firebase-auth:21.0.1] AndroidManifest.xml:76:13-37
82            <meta-data
82-->[:firebase_auth] AndroidManifest.xml:9:13-11:85
83                android:name="com.google.firebase.components:io.flutter.plugins.firebase.auth.FlutterFirebaseAuthRegistrar"
83-->[:firebase_auth] AndroidManifest.xml:10:17-124
84                android:value="com.google.firebase.components.ComponentRegistrar" />
84-->[:firebase_auth] AndroidManifest.xml:11:17-82
85            <meta-data
85-->[:cloud_firestore] AndroidManifest.xml:9:13-11:85
86                android:name="com.google.firebase.components:io.flutter.plugins.firebase.firestore.FlutterFirebaseFirestoreRegistrar"
86-->[:cloud_firestore] AndroidManifest.xml:10:17-134
87                android:value="com.google.firebase.components.ComponentRegistrar" />
87-->[:cloud_firestore] AndroidManifest.xml:11:17-82
88            <meta-data
88-->[:firebase_core] AndroidManifest.xml:9:13-11:85
89                android:name="com.google.firebase.components:io.flutter.plugins.firebase.core.FlutterFirebaseCoreRegistrar"
89-->[:firebase_core] AndroidManifest.xml:10:17-124
90                android:value="com.google.firebase.components.ComponentRegistrar" />
90-->[:firebase_core] AndroidManifest.xml:11:17-82
91            <meta-data
91-->[com.google.firebase:firebase-auth:21.0.1] AndroidManifest.xml:77:13-79:85
92                android:name="com.google.firebase.components:com.google.firebase.auth.FirebaseAuthRegistrar"
92-->[com.google.firebase:firebase-auth:21.0.1] AndroidManifest.xml:78:17-109
93                android:value="com.google.firebase.components.ComponentRegistrar" />
93-->[com.google.firebase:firebase-auth:21.0.1] AndroidManifest.xml:79:17-82
94            <meta-data
94-->[com.google.firebase:firebase-firestore:24.0.0] AndroidManifest.xml:20:13-22:85
95                android:name="com.google.firebase.components:com.google.firebase.firestore.FirestoreRegistrar"
95-->[com.google.firebase:firebase-firestore:24.0.0] AndroidManifest.xml:21:17-111
96                android:value="com.google.firebase.components.ComponentRegistrar" />
96-->[com.google.firebase:firebase-firestore:24.0.0] AndroidManifest.xml:22:17-82
97            <meta-data
97-->[com.google.android.gms:play-services-measurement-api:20.0.0] AndroidManifest.xml:30:13-32:85
98                android:name="com.google.firebase.components:com.google.firebase.analytics.connector.internal.AnalyticsConnectorRegistrar"
98-->[com.google.android.gms:play-services-measurement-api:20.0.0] AndroidManifest.xml:31:17-139
99                android:value="com.google.firebase.components.ComponentRegistrar" />
99-->[com.google.android.gms:play-services-measurement-api:20.0.0] AndroidManifest.xml:32:17-82
100            <meta-data
100-->[com.google.firebase:firebase-installations:17.0.0] AndroidManifest.xml:18:13-20:85
101                android:name="com.google.firebase.components:com.google.firebase.installations.FirebaseInstallationsRegistrar"
101-->[com.google.firebase:firebase-installations:17.0.0] AndroidManifest.xml:19:17-127
102                android:value="com.google.firebase.components.ComponentRegistrar" />
102-->[com.google.firebase:firebase-installations:17.0.0] AndroidManifest.xml:20:17-82
103        </service>
104
105        <meta-data
105-->[:pay_android] AndroidManifest.xml:12:9-14:36
106            android:name="com.google.android.gms.wallet.api.enabled"
106-->[:pay_android] AndroidManifest.xml:13:13-69
107            android:value="true" />
107-->[:pay_android] AndroidManifest.xml:14:13-33
108
109        <service
109-->[:location] AndroidManifest.xml:11:9-15:56
110            android:name="com.lyokone.location.FlutterLocationService"
110-->[:location] AndroidManifest.xml:12:13-71
111            android:enabled="true"
111-->[:location] AndroidManifest.xml:13:13-35
112            android:exported="false"
112-->[:location] AndroidManifest.xml:14:13-37
113            android:foregroundServiceType="location" />
113-->[:location] AndroidManifest.xml:15:13-53
114
115        <activity
115-->[com.google.firebase:firebase-auth:21.0.1] AndroidManifest.xml:27:9-44:20
116            android:name="com.google.firebase.auth.internal.GenericIdpActivity"
116-->[com.google.firebase:firebase-auth:21.0.1] AndroidManifest.xml:28:13-80
117            android:excludeFromRecents="true"
117-->[com.google.firebase:firebase-auth:21.0.1] AndroidManifest.xml:29:13-46
118            android:exported="true"
118-->[com.google.firebase:firebase-auth:21.0.1] AndroidManifest.xml:30:13-36
119            android:launchMode="singleTask"
119-->[com.google.firebase:firebase-auth:21.0.1] AndroidManifest.xml:31:13-44
120            android:theme="@android:style/Theme.Translucent.NoTitleBar" >
120-->[com.google.firebase:firebase-auth:21.0.1] AndroidManifest.xml:32:13-72
121            <intent-filter>
121-->[com.google.firebase:firebase-auth:21.0.1] AndroidManifest.xml:33:13-43:29
122                <action android:name="android.intent.action.VIEW" />
122-->[com.google.firebase:firebase-auth:21.0.1] AndroidManifest.xml:34:17-69
122-->[com.google.firebase:firebase-auth:21.0.1] AndroidManifest.xml:34:25-66
123
124                <category android:name="android.intent.category.DEFAULT" />
124-->[com.google.firebase:firebase-auth:21.0.1] AndroidManifest.xml:36:17-76
124-->[com.google.firebase:firebase-auth:21.0.1] AndroidManifest.xml:36:27-73
125                <category android:name="android.intent.category.BROWSABLE" />
125-->[com.google.firebase:firebase-auth:21.0.1] AndroidManifest.xml:37:17-78
125-->[com.google.firebase:firebase-auth:21.0.1] AndroidManifest.xml:37:27-75
126
127                <data
127-->[com.google.firebase:firebase-auth:21.0.1] AndroidManifest.xml:39:17-42:51
128                    android:host="firebase.auth"
128-->[com.google.firebase:firebase-auth:21.0.1] AndroidManifest.xml:40:21-49
129                    android:path="/"
129-->[com.google.firebase:firebase-auth:21.0.1] AndroidManifest.xml:41:21-37
130                    android:scheme="genericidp" />
130-->[com.google.firebase:firebase-auth:21.0.1] AndroidManifest.xml:42:21-48
131            </intent-filter>
132        </activity>
133        <activity
133-->[com.google.firebase:firebase-auth:21.0.1] AndroidManifest.xml:45:9-62:20
134            android:name="com.google.firebase.auth.internal.RecaptchaActivity"
134-->[com.google.firebase:firebase-auth:21.0.1] AndroidManifest.xml:46:13-79
135            android:excludeFromRecents="true"
135-->[com.google.firebase:firebase-auth:21.0.1] AndroidManifest.xml:47:13-46
136            android:exported="true"
136-->[com.google.firebase:firebase-auth:21.0.1] AndroidManifest.xml:48:13-36
137            android:launchMode="singleTask"
137-->[com.google.firebase:firebase-auth:21.0.1] AndroidManifest.xml:49:13-44
138            android:theme="@android:style/Theme.Translucent.NoTitleBar" >
138-->[com.google.firebase:firebase-auth:21.0.1] AndroidManifest.xml:50:13-72
139            <intent-filter>
139-->[com.google.firebase:firebase-auth:21.0.1] AndroidManifest.xml:51:13-61:29
140                <action android:name="android.intent.action.VIEW" />
140-->[com.google.firebase:firebase-auth:21.0.1] AndroidManifest.xml:34:17-69
140-->[com.google.firebase:firebase-auth:21.0.1] AndroidManifest.xml:34:25-66
141
142                <category android:name="android.intent.category.DEFAULT" />
142-->[com.google.firebase:firebase-auth:21.0.1] AndroidManifest.xml:36:17-76
142-->[com.google.firebase:firebase-auth:21.0.1] AndroidManifest.xml:36:27-73
143                <category android:name="android.intent.category.BROWSABLE" />
143-->[com.google.firebase:firebase-auth:21.0.1] AndroidManifest.xml:37:17-78
143-->[com.google.firebase:firebase-auth:21.0.1] AndroidManifest.xml:37:27-75
144
145                <data
145-->[com.google.firebase:firebase-auth:21.0.1] AndroidManifest.xml:39:17-42:51
146                    android:host="firebase.auth"
146-->[com.google.firebase:firebase-auth:21.0.1] AndroidManifest.xml:40:21-49
147                    android:path="/"
147-->[com.google.firebase:firebase-auth:21.0.1] AndroidManifest.xml:41:21-37
148                    android:scheme="recaptcha" />
148-->[com.google.firebase:firebase-auth:21.0.1] AndroidManifest.xml:42:21-48
149            </intent-filter>
150        </activity>
151
152        <service
152-->[com.google.firebase:firebase-auth:21.0.1] AndroidManifest.xml:64:9-73:19
153            android:name="com.google.firebase.auth.api.fallback.service.FirebaseAuthFallbackService"
153-->[com.google.firebase:firebase-auth:21.0.1] AndroidManifest.xml:65:13-101
154            android:enabled="true"
154-->[com.google.firebase:firebase-auth:21.0.1] AndroidManifest.xml:66:13-35
155            android:exported="false" >
155-->[com.google.firebase:firebase-auth:21.0.1] AndroidManifest.xml:67:13-37
156            <intent-filter>
156-->[com.google.firebase:firebase-auth:21.0.1] AndroidManifest.xml:68:13-72:29
157                <action android:name="com.google.firebase.auth.api.gms.service.START" />
157-->[com.google.firebase:firebase-auth:21.0.1] AndroidManifest.xml:69:17-89
157-->[com.google.firebase:firebase-auth:21.0.1] AndroidManifest.xml:69:25-86
158
159                <category android:name="android.intent.category.DEFAULT" />
159-->[com.google.firebase:firebase-auth:21.0.1] AndroidManifest.xml:36:17-76
159-->[com.google.firebase:firebase-auth:21.0.1] AndroidManifest.xml:36:27-73
160            </intent-filter>
161        </service>
162
163        <provider
163-->[com.google.firebase:firebase-common:20.0.0] AndroidManifest.xml:26:9-31:39
164            android:name="com.google.firebase.provider.FirebaseInitProvider"
164-->[com.google.firebase:firebase-common:20.0.0] AndroidManifest.xml:27:13-77
165            android:authorities="com.example.my_food_app.firebaseinitprovider"
165-->[com.google.firebase:firebase-common:20.0.0] AndroidManifest.xml:28:13-72
166            android:directBootAware="true"
166-->[com.google.firebase:firebase-common:20.0.0] AndroidManifest.xml:29:13-43
167            android:exported="false"
167-->[com.google.firebase:firebase-common:20.0.0] AndroidManifest.xml:30:13-37
168            android:initOrder="100" /> <!-- Needs to be explicitly declared on P+ -->
168-->[com.google.firebase:firebase-common:20.0.0] AndroidManifest.xml:31:13-36
169        <uses-library
169-->[com.google.android.gms:play-services-maps:17.0.0] AndroidManifest.xml:33:9-35:40
170            android:name="org.apache.http.legacy"
170-->[com.google.android.gms:play-services-maps:17.0.0] AndroidManifest.xml:34:13-50
171            android:required="false" />
171-->[com.google.android.gms:play-services-maps:17.0.0] AndroidManifest.xml:35:13-37
172
173        <activity
173-->[com.google.android.gms:play-services-auth:16.0.1] AndroidManifest.xml:23:9-27:75
174            android:name="com.google.android.gms.auth.api.signin.internal.SignInHubActivity"
174-->[com.google.android.gms:play-services-auth:16.0.1] AndroidManifest.xml:24:13-93
175            android:excludeFromRecents="true"
175-->[com.google.android.gms:play-services-auth:16.0.1] AndroidManifest.xml:25:13-46
176            android:exported="false"
176-->[com.google.android.gms:play-services-auth:16.0.1] AndroidManifest.xml:26:13-37
177            android:theme="@android:style/Theme.Translucent.NoTitleBar" />
177-->[com.google.android.gms:play-services-auth:16.0.1] AndroidManifest.xml:27:13-72
178        <!--
179            Service handling Google Sign-In user revocation. For apps that do not integrate with
180            Google Sign-In, this service will never be started.
181        -->
182        <service
182-->[com.google.android.gms:play-services-auth:16.0.1] AndroidManifest.xml:33:9-36:110
183            android:name="com.google.android.gms.auth.api.signin.RevocationBoundService"
183-->[com.google.android.gms:play-services-auth:16.0.1] AndroidManifest.xml:34:13-89
184            android:exported="true"
184-->[com.google.android.gms:play-services-auth:16.0.1] AndroidManifest.xml:35:13-36
185            android:permission="com.google.android.gms.auth.api.signin.permission.REVOCATION_NOTIFICATION" />
185-->[com.google.android.gms:play-services-auth:16.0.1] AndroidManifest.xml:36:13-107
186
187        <activity
187-->[com.google.android.gms:play-services-base:17.1.0] AndroidManifest.xml:23:9-26:75
188            android:name="com.google.android.gms.common.api.GoogleApiActivity"
188-->[com.google.android.gms:play-services-base:17.1.0] AndroidManifest.xml:24:13-79
189            android:exported="false"
189-->[com.google.android.gms:play-services-base:17.1.0] AndroidManifest.xml:25:13-37
190            android:theme="@android:style/Theme.Translucent.NoTitleBar" />
190-->[com.google.android.gms:play-services-base:17.1.0] AndroidManifest.xml:26:13-72
191
192        <receiver
192-->[com.google.android.gms:play-services-measurement:20.0.0] AndroidManifest.xml:29:9-33:20
193            android:name="com.google.android.gms.measurement.AppMeasurementReceiver"
193-->[com.google.android.gms:play-services-measurement:20.0.0] AndroidManifest.xml:30:13-85
194            android:enabled="true"
194-->[com.google.android.gms:play-services-measurement:20.0.0] AndroidManifest.xml:31:13-35
195            android:exported="false" >
195-->[com.google.android.gms:play-services-measurement:20.0.0] AndroidManifest.xml:32:13-37
196        </receiver>
197
198        <service
198-->[com.google.android.gms:play-services-measurement:20.0.0] AndroidManifest.xml:35:9-38:40
199            android:name="com.google.android.gms.measurement.AppMeasurementService"
199-->[com.google.android.gms:play-services-measurement:20.0.0] AndroidManifest.xml:36:13-84
200            android:enabled="true"
200-->[com.google.android.gms:play-services-measurement:20.0.0] AndroidManifest.xml:37:13-35
201            android:exported="false" />
201-->[com.google.android.gms:play-services-measurement:20.0.0] AndroidManifest.xml:38:13-37
202        <service
202-->[com.google.android.gms:play-services-measurement:20.0.0] AndroidManifest.xml:39:9-43:72
203            android:name="com.google.android.gms.measurement.AppMeasurementJobService"
203-->[com.google.android.gms:play-services-measurement:20.0.0] AndroidManifest.xml:40:13-87
204            android:enabled="true"
204-->[com.google.android.gms:play-services-measurement:20.0.0] AndroidManifest.xml:41:13-35
205            android:exported="false"
205-->[com.google.android.gms:play-services-measurement:20.0.0] AndroidManifest.xml:42:13-37
206            android:permission="android.permission.BIND_JOB_SERVICE" />
206-->[com.google.android.gms:play-services-measurement:20.0.0] AndroidManifest.xml:43:13-69
207
208        <meta-data
208-->[com.google.android.gms:play-services-basement:17.1.0] AndroidManifest.xml:23:9-25:69
209            android:name="com.google.android.gms.version"
209-->[com.google.android.gms:play-services-basement:17.1.0] AndroidManifest.xml:24:13-58
210            android:value="@integer/google_play_services_version" />
210-->[com.google.android.gms:play-services-basement:17.1.0] AndroidManifest.xml:25:13-66
211    </application>
212
213</manifest>